<?xml version="1.0" encoding="UTF-8"?>
<robot generator="Robot 7.4.1 (Python 3.14.2 on win32)" generated="2026-02-17T12:15:00.918746" rpa="false" schemaversion="5">
<suite id="s1" name="Restaurant Test" source="C:\Users\User\WiproTraining\Wipro-Training\Foodie App\robot_tests\restaurant_test.robot">
<test id="s1-t1" name="Create Restaurant" line="10">
<kw name="Create Session" owner="RequestsLibrary">
<msg time="2026-02-17T12:15:01.081195" level="INFO">Creating Session using : alias=foodie, url=http://127.0.0.1:5000, headers={},                     cookies={}, auth=None, timeout=None, proxies=None, verify=False,                     debug=0 </msg>
<arg>foodie</arg>
<arg>${BASE_URL}</arg>
<doc>Create Session: create a HTTP session to a server</doc>
<status status="PASS" start="2026-02-17T12:15:01.080961" elapsed="0.000426"/>
</kw>
<kw name="Evaluate" owner="BuiltIn">
<msg time="2026-02-17T12:15:01.082497" level="INFO">${random} = 6980</msg>
<var>${random}</var>
<arg>random.randint(1,10000)</arg>
<arg>random</arg>
<doc>Evaluates the given expression in Python and returns the result.</doc>
<status status="PASS" start="2026-02-17T12:15:01.081861" elapsed="0.000665"/>
</kw>
<kw name="Create Dictionary" owner="BuiltIn">
<msg time="2026-02-17T12:15:01.083346" level="INFO">${payload} = {'name': 'Robot Hotel 6980', 'category': 'Chinese', 'location': 'Delhi', 'contact': '8888888888'}</msg>
<var>${payload}</var>
<arg>name=Robot Hotel ${random}</arg>
<arg>category=Chinese</arg>
<arg>location=Delhi</arg>
<arg>contact=8888888888</arg>
<doc>Creates and returns a dictionary based on the given ``items``.</doc>
<status status="PASS" start="2026-02-17T12:15:01.082811" elapsed="0.000560"/>
</kw>
<kw name="POST On Session" owner="RequestsLibrary">
<msg time="2026-02-17T12:15:01.105545" level="INFO">POST Request : url=http://127.0.0.1:5000/api/v1/restaurants 
 path_url=/api/v1/restaurants 
 headers={'User-Agent': 'python-requests/2.32.5', 'Accept-Encoding': 'gzip, deflate, zstd', 'Accept': '*/*', 'Connection': 'keep-alive', 'Content-Length': '97', 'Content-Type': 'application/json'} 
 body=b'{"name": "Robot Hotel 6980", "category": "Chinese", "location": "Delhi", "contact": "8888888888"}' 
 </msg>
<msg time="2026-02-17T12:15:01.105906" level="INFO">POST Response : url=http://127.0.0.1:5000/api/v1/restaurants 
 status=201, reason=CREATED 
 headers={'Server': 'Werkzeug/3.1.5 Python/3.14.2', 'Date': 'Tue, 17 Feb 2026 06:45:01 GMT', 'Content-Type': 'application/json', 'Content-Length': '51', 'Connection': 'close'} 
 body={
  "message": "Restaurant created successfully"
}
 
 </msg>
<msg time="2026-02-17T12:15:01.106199" level="INFO">${response} = &lt;Response [201]&gt;</msg>
<var>${response}</var>
<arg>foodie</arg>
<arg>/api/v1/restaurants</arg>
<arg>json=${payload}</arg>
<doc>Sends a POST request on a previously created HTTP Session.</doc>
<status status="PASS" start="2026-02-17T12:15:01.083806" elapsed="0.022444"/>
</kw>
<kw name="Should Be Equal As Integers" owner="BuiltIn">
<msg time="2026-02-17T12:15:01.107626" level="INFO">Argument types are:
&lt;class 'int'&gt;
&lt;class 'str'&gt;</msg>
<arg>${response.status_code}</arg>
<arg>201</arg>
<doc>Fails if objects are unequal after converting them to integers.</doc>
<status status="PASS" start="2026-02-17T12:15:01.106662" elapsed="0.001038"/>
</kw>
<status status="PASS" start="2026-02-17T12:15:01.079826" elapsed="0.028421"/>
</test>
<status status="PASS" start="2026-02-17T12:15:00.920690" elapsed="0.188986"/>
</suite>
<statistics>
<total>
<stat pass="1" fail="0" skip="0">All Tests</stat>
</total>
<tag>
</tag>
<suite>
<stat name="Restaurant Test" id="s1" pass="1" fail="0" skip="0">Restaurant Test</stat>
</suite>
</statistics>
<errors>
</errors>
</robot>
